  0%|          | 0/34 [00:00<?, ?it/s][14:04:45] DEPRECATION WARNING: please use MorganGenerator
[14:04:45] DEPRECATION WARNING: please use MorganGenerator
[14:04:45] DEPRECATION WARNING: please use MorganGenerator
[14:04:45] DEPRECATION WARNING: please use MorganGenerator
[14:04:45] DEPRECATION WARNING: please use MorganGenerator
[14:04:45] DEPRECATION WARNING: please use MorganGenerator
[14:04:45] DEPRECATION WARNING: please use MorganGenerator
[14:04:45] DEPRECATION WARNING: please use MorganGenerator
[14:04:45] DEPRECATION WARNING: please use MorganGenerator
[14:04:45] DEPRECATION WARNING: please use MorganGenerator
[14:04:45] DEPRECATION WARNING: please use MorganGenerator
[14:04:45] DEPRECATION WARNING: please use MorganGenerator
[14:04:45] DEPRECATION WARNING: please use MorganGenerator
[14:04:45] DEPRECATION WARNING: please use MorganGenerator
[14:04:45] DEPRECATION WARNING: please use MorganGenerator
[14:04:45] DEPRECATION WARNING: please use MorganGenerator
[14:04:45] DEPRECATION WARNING: please use MorganGenerator
[14:04:45] DEPRECATION WARNING: please use MorganGenerator
[14:04:45] DEPRECATION WARNING: please use MorganGenerator
[14:04:45] DEPRECATION WARNING: please use MorganGenerator
[14:04:45] DEPRECATION WARNING: please use MorganGenerator
[14:04:45] DEPRECATION WARNING: please use MorganGenerator
[14:04:45] DEPRECATION WARNING: please use MorganGenerator
[14:04:45] DEPRECATION WARNING: please use MorganGenerator
 24%|██▎       | 8/34 [00:00<00:00, 71.89it/s][14:04:45] DEPRECATION WARNING: please use MorganGenerator
[14:04:45] DEPRECATION WARNING: please use MorganGenerator
[14:04:45] DEPRECATION WARNING: please use MorganGenerator
[14:04:45] DEPRECATION WARNING: please use MorganGenerator
[14:04:45] DEPRECATION WARNING: please use MorganGenerator
[14:04:45] DEPRECATION WARNING: please use MorganGenerator
[14:04:45] DEPRECATION WARNING: please use MorganGenerator
[14:04:45] DEPRECATION WARNING: please use MorganGenerator
[14:04:45] DEPRECATION WARNING: please use MorganGenerator
[14:04:45] DEPRECATION WARNING: please use MorganGenerator
[14:04:45] DEPRECATION WARNING: please use MorganGenerator
[14:04:45] DEPRECATION WARNING: please use MorganGenerator
[14:04:45] DEPRECATION WARNING: please use MorganGenerator
[14:04:45] DEPRECATION WARNING: please use MorganGenerator
[14:04:45] DEPRECATION WARNING: please use MorganGenerator
[14:04:45] DEPRECATION WARNING: please use MorganGenerator
[14:04:45] DEPRECATION WARNING: please use MorganGenerator
[14:04:45] DEPRECATION WARNING: please use MorganGenerator
[14:04:45] DEPRECATION WARNING: please use MorganGenerator
[14:04:45] DEPRECATION WARNING: please use MorganGenerator
[14:04:45] DEPRECATION WARNING: please use MorganGenerator
[14:04:45] DEPRECATION WARNING: please use MorganGenerator
[14:04:45] DEPRECATION WARNING: please use MorganGenerator
[14:04:45] DEPRECATION WARNING: please use MorganGenerator
 47%|████▋     | 16/34 [00:00<00:00, 76.05it/s][14:04:45] DEPRECATION WARNING: please use MorganGenerator
[14:04:45] DEPRECATION WARNING: please use MorganGenerator
[14:04:45] DEPRECATION WARNING: please use MorganGenerator
[14:04:45] DEPRECATION WARNING: please use MorganGenerator
[14:04:45] DEPRECATION WARNING: please use MorganGenerator
[14:04:45] DEPRECATION WARNING: please use MorganGenerator
[14:04:45] DEPRECATION WARNING: please use MorganGenerator
[14:04:45] DEPRECATION WARNING: please use MorganGenerator
[14:04:45] DEPRECATION WARNING: please use MorganGenerator
[14:04:45] DEPRECATION WARNING: please use MorganGenerator
[14:04:45] DEPRECATION WARNING: please use MorganGenerator
[14:04:45] DEPRECATION WARNING: please use MorganGenerator
[14:04:45] DEPRECATION WARNING: please use MorganGenerator
[14:04:45] DEPRECATION WARNING: please use MorganGenerator
[14:04:45] DEPRECATION WARNING: please use MorganGenerator
[14:04:45] DEPRECATION WARNING: please use MorganGenerator
[14:04:45] DEPRECATION WARNING: please use MorganGenerator
[14:04:45] DEPRECATION WARNING: please use MorganGenerator
[14:04:45] DEPRECATION WARNING: please use MorganGenerator
[14:04:45] DEPRECATION WARNING: please use MorganGenerator
[14:04:45] DEPRECATION WARNING: please use MorganGenerator
[14:04:45] DEPRECATION WARNING: please use MorganGenerator
[14:04:45] DEPRECATION WARNING: please use MorganGenerator
[14:04:45] DEPRECATION WARNING: please use MorganGenerator
 71%|███████   | 24/34 [00:00<00:00, 68.25it/s][14:04:45] DEPRECATION WARNING: please use MorganGenerator
[14:04:45] DEPRECATION WARNING: please use MorganGenerator
[14:04:45] DEPRECATION WARNING: please use MorganGenerator
[14:04:45] DEPRECATION WARNING: please use MorganGenerator
[14:04:45] DEPRECATION WARNING: please use MorganGenerator
[14:04:45] DEPRECATION WARNING: please use MorganGenerator
[14:04:45] DEPRECATION WARNING: please use MorganGenerator
[14:04:45] DEPRECATION WARNING: please use MorganGenerator
[14:04:45] DEPRECATION WARNING: please use MorganGenerator
[14:04:45] DEPRECATION WARNING: please use MorganGenerator
[14:04:45] DEPRECATION WARNING: please use MorganGenerator
[14:04:45] DEPRECATION WARNING: please use MorganGenerator
[14:04:45] DEPRECATION WARNING: please use MorganGenerator
[14:04:45] DEPRECATION WARNING: please use MorganGenerator
[14:04:45] DEPRECATION WARNING: please use MorganGenerator
[14:04:45] DEPRECATION WARNING: please use MorganGenerator
[14:04:45] DEPRECATION WARNING: please use MorganGenerator
[14:04:45] DEPRECATION WARNING: please use MorganGenerator
[14:04:45] DEPRECATION WARNING: please use MorganGenerator
[14:04:45] DEPRECATION WARNING: please use MorganGenerator
[14:04:45] DEPRECATION WARNING: please use MorganGenerator
[14:04:45] DEPRECATION WARNING: please use MorganGenerator
[14:04:45] DEPRECATION WARNING: please use MorganGenerator
[14:04:45] DEPRECATION WARNING: please use MorganGenerator
 94%|█████████▍| 32/34 [00:00<00:00, 68.75it/s][14:04:45] DEPRECATION WARNING: please use MorganGenerator
[14:04:45] DEPRECATION WARNING: please use MorganGenerator
[14:04:45] DEPRECATION WARNING: please use MorganGenerator
[14:04:45] DEPRECATION WARNING: please use MorganGenerator
[14:04:45] DEPRECATION WARNING: please use MorganGenerator
[14:04:45] DEPRECATION WARNING: please use MorganGenerator
100%|██████████| 34/34 [00:00<00:00, 70.65it/s]
/trinity/home/skatz/miniconda3/envs/env_chemspace_slurm_v2/lib/python3.11/site-packages/sklearn/base.py:376: InconsistentVersionWarning: Trying to unpickle estimator StandardScaler from version 1.2.2 when using version 1.4.2. This might lead to breaking code or invalid results. Use at your own risk. For more info please refer to:
https://scikit-learn.org/stable/model_persistence.html#security-maintainability-limitations
  warnings.warn(
/trinity/home/skatz/miniconda3/envs/env_chemspace_slurm_v2/lib/python3.11/site-packages/sklearn/base.py:376: InconsistentVersionWarning: Trying to unpickle estimator PCA from version 1.2.2 when using version 1.4.2. This might lead to breaking code or invalid results. Use at your own risk. For more info please refer to:
https://scikit-learn.org/stable/model_persistence.html#security-maintainability-limitations
  warnings.warn(
  0%|          | 0/1 [00:00<?, ?it/s]  0%|          | 0/1 [00:00<?, ?it/s]/trinity/home/skatz/miniconda3/envs/env_chemspace_slurm_v2/lib/python3.11/site-packages/Bio/PDB/StructureBuilder.py:100: PDBConstructionWarning: WARNING: Chain A is discontinuous at line 2571.
  warnings.warn(
/trinity/home/skatz/miniconda3/envs/env_chemspace_slurm_v2/lib/python3.11/site-packages/Bio/PDB/StructureBuilder.py:100: PDBConstructionWarning: WARNING: Chain B is discontinuous at line 2707.
  warnings.warn(
100%|██████████| 1/1 [00:00<00:00, 30.49it/s]
  0%|          | 0/1 [00:00<?, ?it/s]100%|██████████| 1/1 [00:00<00:00, 20.58it/s]
loading complexes:   0%|          | 0/1 [00:00<?, ?it/s]loading complexes: 100%|██████████| 1/1 [00:00<00:00,  4.68it/s]loading complexes: 100%|██████████| 1/1 [00:00<00:00,  4.68it/s]
  0%|          | 0/1 [00:00<?, ?it/s]100%|██████████| 1/1 [00:00<00:00, 24.60it/s]
loading complexes:   0%|          | 0/1 [00:00<?, ?it/s]loading complexes: 100%|██████████| 1/1 [00:00<00:00,  4.42it/s]loading complexes: 100%|██████████| 1/1 [00:00<00:00,  4.42it/s]
/trinity/home/skatz/miniconda3/envs/env_chemspace_slurm_v2/lib/python3.11/site-packages/torch/jit/_check.py:177: UserWarning: The TorchScript type system doesn't support instance-level annotations on empty non-base types in `__init__`. Instead, either 1) use a type annotation in the class body, or 2) wrap the type in `torch.jit.Attribute`.
  warnings.warn(
/trinity/home/skatz/miniconda3/envs/env_chemspace_slurm_v2/lib/python3.11/site-packages/torch/jit/_check.py:177: UserWarning: The TorchScript type system doesn't support instance-level annotations on empty non-base types in `__init__`. Instead, either 1) use a type annotation in the class body, or 2) wrap the type in `torch.jit.Attribute`.
  warnings.warn(
/trinity/home/skatz/miniconda3/envs/env_chemspace_slurm_v2/lib/python3.11/site-packages/torch/jit/_check.py:177: UserWarning: The TorchScript type system doesn't support instance-level annotations on empty non-base types in `__init__`. Instead, either 1) use a type annotation in the class body, or 2) wrap the type in `torch.jit.Attribute`.
  warnings.warn(
/trinity/home/skatz/miniconda3/envs/env_chemspace_slurm_v2/lib/python3.11/site-packages/torch/jit/_check.py:177: UserWarning: The TorchScript type system doesn't support instance-level annotations on empty non-base types in `__init__`. Instead, either 1) use a type annotation in the class body, or 2) wrap the type in `torch.jit.Attribute`.
  warnings.warn(
/trinity/home/skatz/miniconda3/envs/env_chemspace_slurm_v2/lib/python3.11/site-packages/torch/jit/_check.py:177: UserWarning: The TorchScript type system doesn't support instance-level annotations on empty non-base types in `__init__`. Instead, either 1) use a type annotation in the class body, or 2) wrap the type in `torch.jit.Attribute`.
  warnings.warn(
/trinity/home/skatz/miniconda3/envs/env_chemspace_slurm_v2/lib/python3.11/site-packages/torch/jit/_check.py:177: UserWarning: The TorchScript type system doesn't support instance-level annotations on empty non-base types in `__init__`. Instead, either 1) use a type annotation in the class body, or 2) wrap the type in `torch.jit.Attribute`.
  warnings.warn(
/trinity/home/skatz/miniconda3/envs/env_chemspace_slurm_v2/lib/python3.11/site-packages/torch/jit/_check.py:177: UserWarning: The TorchScript type system doesn't support instance-level annotations on empty non-base types in `__init__`. Instead, either 1) use a type annotation in the class body, or 2) wrap the type in `torch.jit.Attribute`.
  warnings.warn(
/trinity/home/skatz/miniconda3/envs/env_chemspace_slurm_v2/lib/python3.11/site-packages/torch/jit/_check.py:177: UserWarning: The TorchScript type system doesn't support instance-level annotations on empty non-base types in `__init__`. Instead, either 1) use a type annotation in the class body, or 2) wrap the type in `torch.jit.Attribute`.
  warnings.warn(
/trinity/home/skatz/miniconda3/envs/env_chemspace_slurm_v2/lib/python3.11/site-packages/torch/jit/_check.py:177: UserWarning: The TorchScript type system doesn't support instance-level annotations on empty non-base types in `__init__`. Instead, either 1) use a type annotation in the class body, or 2) wrap the type in `torch.jit.Attribute`.
  warnings.warn(
/trinity/home/skatz/miniconda3/envs/env_chemspace_slurm_v2/lib/python3.11/site-packages/torch/jit/_check.py:177: UserWarning: The TorchScript type system doesn't support instance-level annotations on empty non-base types in `__init__`. Instead, either 1) use a type annotation in the class body, or 2) wrap the type in `torch.jit.Attribute`.
  warnings.warn(
/trinity/home/skatz/miniconda3/envs/env_chemspace_slurm_v2/lib/python3.11/site-packages/torch/jit/_check.py:177: UserWarning: The TorchScript type system doesn't support instance-level annotations on empty non-base types in `__init__`. Instead, either 1) use a type annotation in the class body, or 2) wrap the type in `torch.jit.Attribute`.
  warnings.warn(
/trinity/home/skatz/miniconda3/envs/env_chemspace_slurm_v2/lib/python3.11/site-packages/torch/jit/_check.py:177: UserWarning: The TorchScript type system doesn't support instance-level annotations on empty non-base types in `__init__`. Instead, either 1) use a type annotation in the class body, or 2) wrap the type in `torch.jit.Attribute`.
  warnings.warn(
/trinity/home/skatz/miniconda3/envs/env_chemspace_slurm_v2/lib/python3.11/site-packages/torch/jit/_check.py:177: UserWarning: The TorchScript type system doesn't support instance-level annotations on empty non-base types in `__init__`. Instead, either 1) use a type annotation in the class body, or 2) wrap the type in `torch.jit.Attribute`.
  warnings.warn(
/trinity/home/skatz/miniconda3/envs/env_chemspace_slurm_v2/lib/python3.11/site-packages/torch/jit/_check.py:177: UserWarning: The TorchScript type system doesn't support instance-level annotations on empty non-base types in `__init__`. Instead, either 1) use a type annotation in the class body, or 2) wrap the type in `torch.jit.Attribute`.
  warnings.warn(
/trinity/home/skatz/miniconda3/envs/env_chemspace_slurm_v2/lib/python3.11/site-packages/torch/jit/_check.py:177: UserWarning: The TorchScript type system doesn't support instance-level annotations on empty non-base types in `__init__`. Instead, either 1) use a type annotation in the class body, or 2) wrap the type in `torch.jit.Attribute`.
  warnings.warn(
/trinity/home/skatz/miniconda3/envs/env_chemspace_slurm_v2/lib/python3.11/site-packages/torch/jit/_check.py:177: UserWarning: The TorchScript type system doesn't support instance-level annotations on empty non-base types in `__init__`. Instead, either 1) use a type annotation in the class body, or 2) wrap the type in `torch.jit.Attribute`.
  warnings.warn(
/trinity/home/skatz/miniconda3/envs/env_chemspace_slurm_v2/lib/python3.11/site-packages/torch/jit/_check.py:177: UserWarning: The TorchScript type system doesn't support instance-level annotations on empty non-base types in `__init__`. Instead, either 1) use a type annotation in the class body, or 2) wrap the type in `torch.jit.Attribute`.
  warnings.warn(
/trinity/home/skatz/miniconda3/envs/env_chemspace_slurm_v2/lib/python3.11/site-packages/torch/jit/_check.py:177: UserWarning: The TorchScript type system doesn't support instance-level annotations on empty non-base types in `__init__`. Instead, either 1) use a type annotation in the class body, or 2) wrap the type in `torch.jit.Attribute`.
  warnings.warn(
/trinity/home/skatz/miniconda3/envs/env_chemspace_slurm_v2/lib/python3.11/site-packages/torch/jit/_check.py:177: UserWarning: The TorchScript type system doesn't support instance-level annotations on empty non-base types in `__init__`. Instead, either 1) use a type annotation in the class body, or 2) wrap the type in `torch.jit.Attribute`.
  warnings.warn(
/trinity/home/skatz/miniconda3/envs/env_chemspace_slurm_v2/lib/python3.11/site-packages/torch/jit/_check.py:177: UserWarning: The TorchScript type system doesn't support instance-level annotations on empty non-base types in `__init__`. Instead, either 1) use a type annotation in the class body, or 2) wrap the type in `torch.jit.Attribute`.
  warnings.warn(
/trinity/home/skatz/miniconda3/envs/env_chemspace_slurm_v2/lib/python3.11/site-packages/torch/jit/_check.py:177: UserWarning: The TorchScript type system doesn't support instance-level annotations on empty non-base types in `__init__`. Instead, either 1) use a type annotation in the class body, or 2) wrap the type in `torch.jit.Attribute`.
  warnings.warn(
/trinity/home/skatz/miniconda3/envs/env_chemspace_slurm_v2/lib/python3.11/site-packages/torch/jit/_check.py:177: UserWarning: The TorchScript type system doesn't support instance-level annotations on empty non-base types in `__init__`. Instead, either 1) use a type annotation in the class body, or 2) wrap the type in `torch.jit.Attribute`.
  warnings.warn(
/trinity/home/skatz/miniconda3/envs/env_chemspace_slurm_v2/lib/python3.11/site-packages/torch/jit/_check.py:177: UserWarning: The TorchScript type system doesn't support instance-level annotations on empty non-base types in `__init__`. Instead, either 1) use a type annotation in the class body, or 2) wrap the type in `torch.jit.Attribute`.
  warnings.warn(
/trinity/home/skatz/miniconda3/envs/env_chemspace_slurm_v2/lib/python3.11/site-packages/torch/jit/_check.py:177: UserWarning: The TorchScript type system doesn't support instance-level annotations on empty non-base types in `__init__`. Instead, either 1) use a type annotation in the class body, or 2) wrap the type in `torch.jit.Attribute`.
  warnings.warn(
/trinity/home/skatz/miniconda3/envs/env_chemspace_slurm_v2/lib/python3.11/site-packages/torch/jit/_check.py:177: UserWarning: The TorchScript type system doesn't support instance-level annotations on empty non-base types in `__init__`. Instead, either 1) use a type annotation in the class body, or 2) wrap the type in `torch.jit.Attribute`.
  warnings.warn(
/trinity/home/skatz/miniconda3/envs/env_chemspace_slurm_v2/lib/python3.11/site-packages/torch/jit/_check.py:177: UserWarning: The TorchScript type system doesn't support instance-level annotations on empty non-base types in `__init__`. Instead, either 1) use a type annotation in the class body, or 2) wrap the type in `torch.jit.Attribute`.
  warnings.warn(
/trinity/home/skatz/miniconda3/envs/env_chemspace_slurm_v2/lib/python3.11/site-packages/torch/jit/_check.py:177: UserWarning: The TorchScript type system doesn't support instance-level annotations on empty non-base types in `__init__`. Instead, either 1) use a type annotation in the class body, or 2) wrap the type in `torch.jit.Attribute`.
  warnings.warn(
/trinity/home/skatz/miniconda3/envs/env_chemspace_slurm_v2/lib/python3.11/site-packages/torch/jit/_check.py:177: UserWarning: The TorchScript type system doesn't support instance-level annotations on empty non-base types in `__init__`. Instead, either 1) use a type annotation in the class body, or 2) wrap the type in `torch.jit.Attribute`.
  warnings.warn(
/trinity/home/skatz/miniconda3/envs/env_chemspace_slurm_v2/lib/python3.11/site-packages/torch/jit/_check.py:177: UserWarning: The TorchScript type system doesn't support instance-level annotations on empty non-base types in `__init__`. Instead, either 1) use a type annotation in the class body, or 2) wrap the type in `torch.jit.Attribute`.
  warnings.warn(
/trinity/home/skatz/miniconda3/envs/env_chemspace_slurm_v2/lib/python3.11/site-packages/torch/jit/_check.py:177: UserWarning: The TorchScript type system doesn't support instance-level annotations on empty non-base types in `__init__`. Instead, either 1) use a type annotation in the class body, or 2) wrap the type in `torch.jit.Attribute`.
  warnings.warn(
/trinity/home/skatz/miniconda3/envs/env_chemspace_slurm_v2/lib/python3.11/site-packages/torch/jit/_check.py:177: UserWarning: The TorchScript type system doesn't support instance-level annotations on empty non-base types in `__init__`. Instead, either 1) use a type annotation in the class body, or 2) wrap the type in `torch.jit.Attribute`.
  warnings.warn(
/trinity/home/skatz/miniconda3/envs/env_chemspace_slurm_v2/lib/python3.11/site-packages/torch/jit/_check.py:177: UserWarning: The TorchScript type system doesn't support instance-level annotations on empty non-base types in `__init__`. Instead, either 1) use a type annotation in the class body, or 2) wrap the type in `torch.jit.Attribute`.
  warnings.warn(
/trinity/home/skatz/miniconda3/envs/env_chemspace_slurm_v2/lib/python3.11/site-packages/torch/jit/_check.py:177: UserWarning: The TorchScript type system doesn't support instance-level annotations on empty non-base types in `__init__`. Instead, either 1) use a type annotation in the class body, or 2) wrap the type in `torch.jit.Attribute`.
  warnings.warn(
/trinity/home/skatz/miniconda3/envs/env_chemspace_slurm_v2/lib/python3.11/site-packages/torch/jit/_check.py:177: UserWarning: The TorchScript type system doesn't support instance-level annotations on empty non-base types in `__init__`. Instead, either 1) use a type annotation in the class body, or 2) wrap the type in `torch.jit.Attribute`.
  warnings.warn(
/trinity/home/skatz/miniconda3/envs/env_chemspace_slurm_v2/lib/python3.11/site-packages/torch/jit/_check.py:177: UserWarning: The TorchScript type system doesn't support instance-level annotations on empty non-base types in `__init__`. Instead, either 1) use a type annotation in the class body, or 2) wrap the type in `torch.jit.Attribute`.
  warnings.warn(
/trinity/home/skatz/miniconda3/envs/env_chemspace_slurm_v2/lib/python3.11/site-packages/torch/jit/_check.py:177: UserWarning: The TorchScript type system doesn't support instance-level annotations on empty non-base types in `__init__`. Instead, either 1) use a type annotation in the class body, or 2) wrap the type in `torch.jit.Attribute`.
  warnings.warn(
/trinity/home/skatz/miniconda3/envs/env_chemspace_slurm_v2/lib/python3.11/site-packages/torch/jit/_check.py:177: UserWarning: The TorchScript type system doesn't support instance-level annotations on empty non-base types in `__init__`. Instead, either 1) use a type annotation in the class body, or 2) wrap the type in `torch.jit.Attribute`.
  warnings.warn(
/trinity/home/skatz/miniconda3/envs/env_chemspace_slurm_v2/lib/python3.11/site-packages/torch/jit/_check.py:177: UserWarning: The TorchScript type system doesn't support instance-level annotations on empty non-base types in `__init__`. Instead, either 1) use a type annotation in the class body, or 2) wrap the type in `torch.jit.Attribute`.
  warnings.warn(
/trinity/home/skatz/miniconda3/envs/env_chemspace_slurm_v2/lib/python3.11/site-packages/torch/jit/_check.py:177: UserWarning: The TorchScript type system doesn't support instance-level annotations on empty non-base types in `__init__`. Instead, either 1) use a type annotation in the class body, or 2) wrap the type in `torch.jit.Attribute`.
  warnings.warn(
/trinity/home/skatz/miniconda3/envs/env_chemspace_slurm_v2/lib/python3.11/site-packages/torch/jit/_check.py:177: UserWarning: The TorchScript type system doesn't support instance-level annotations on empty non-base types in `__init__`. Instead, either 1) use a type annotation in the class body, or 2) wrap the type in `torch.jit.Attribute`.
  warnings.warn(
/trinity/home/skatz/miniconda3/envs/env_chemspace_slurm_v2/lib/python3.11/site-packages/torch/jit/_check.py:177: UserWarning: The TorchScript type system doesn't support instance-level annotations on empty non-base types in `__init__`. Instead, either 1) use a type annotation in the class body, or 2) wrap the type in `torch.jit.Attribute`.
  warnings.warn(
/trinity/home/skatz/miniconda3/envs/env_chemspace_slurm_v2/lib/python3.11/site-packages/torch/jit/_check.py:177: UserWarning: The TorchScript type system doesn't support instance-level annotations on empty non-base types in `__init__`. Instead, either 1) use a type annotation in the class body, or 2) wrap the type in `torch.jit.Attribute`.
  warnings.warn(
/trinity/home/skatz/miniconda3/envs/env_chemspace_slurm_v2/lib/python3.11/site-packages/torch/jit/_check.py:177: UserWarning: The TorchScript type system doesn't support instance-level annotations on empty non-base types in `__init__`. Instead, either 1) use a type annotation in the class body, or 2) wrap the type in `torch.jit.Attribute`.
  warnings.warn(
/trinity/home/skatz/miniconda3/envs/env_chemspace_slurm_v2/lib/python3.11/site-packages/torch/jit/_check.py:177: UserWarning: The TorchScript type system doesn't support instance-level annotations on empty non-base types in `__init__`. Instead, either 1) use a type annotation in the class body, or 2) wrap the type in `torch.jit.Attribute`.
  warnings.warn(
/trinity/home/skatz/miniconda3/envs/env_chemspace_slurm_v2/lib/python3.11/site-packages/torch/jit/_check.py:177: UserWarning: The TorchScript type system doesn't support instance-level annotations on empty non-base types in `__init__`. Instead, either 1) use a type annotation in the class body, or 2) wrap the type in `torch.jit.Attribute`.
  warnings.warn(
/trinity/home/skatz/miniconda3/envs/env_chemspace_slurm_v2/lib/python3.11/site-packages/torch/jit/_check.py:177: UserWarning: The TorchScript type system doesn't support instance-level annotations on empty non-base types in `__init__`. Instead, either 1) use a type annotation in the class body, or 2) wrap the type in `torch.jit.Attribute`.
  warnings.warn(
/trinity/home/skatz/miniconda3/envs/env_chemspace_slurm_v2/lib/python3.11/site-packages/torch/jit/_check.py:177: UserWarning: The TorchScript type system doesn't support instance-level annotations on empty non-base types in `__init__`. Instead, either 1) use a type annotation in the class body, or 2) wrap the type in `torch.jit.Attribute`.
  warnings.warn(
/trinity/home/skatz/miniconda3/envs/env_chemspace_slurm_v2/lib/python3.11/site-packages/torch/jit/_check.py:177: UserWarning: The TorchScript type system doesn't support instance-level annotations on empty non-base types in `__init__`. Instead, either 1) use a type annotation in the class body, or 2) wrap the type in `torch.jit.Attribute`.
  warnings.warn(
/trinity/home/skatz/miniconda3/envs/env_chemspace_slurm_v2/lib/python3.11/site-packages/torch/jit/_check.py:177: UserWarning: The TorchScript type system doesn't support instance-level annotations on empty non-base types in `__init__`. Instead, either 1) use a type annotation in the class body, or 2) wrap the type in `torch.jit.Attribute`.
  warnings.warn(
/trinity/home/skatz/miniconda3/envs/env_chemspace_slurm_v2/lib/python3.11/site-packages/torch/jit/_check.py:177: UserWarning: The TorchScript type system doesn't support instance-level annotations on empty non-base types in `__init__`. Instead, either 1) use a type annotation in the class body, or 2) wrap the type in `torch.jit.Attribute`.
  warnings.warn(
/trinity/home/skatz/miniconda3/envs/env_chemspace_slurm_v2/lib/python3.11/site-packages/torch/jit/_check.py:177: UserWarning: The TorchScript type system doesn't support instance-level annotations on empty non-base types in `__init__`. Instead, either 1) use a type annotation in the class body, or 2) wrap the type in `torch.jit.Attribute`.
  warnings.warn(
/trinity/home/skatz/miniconda3/envs/env_chemspace_slurm_v2/lib/python3.11/site-packages/torch/jit/_check.py:177: UserWarning: The TorchScript type system doesn't support instance-level annotations on empty non-base types in `__init__`. Instead, either 1) use a type annotation in the class body, or 2) wrap the type in `torch.jit.Attribute`.
  warnings.warn(
/trinity/home/skatz/miniconda3/envs/env_chemspace_slurm_v2/lib/python3.11/site-packages/torch/jit/_check.py:177: UserWarning: The TorchScript type system doesn't support instance-level annotations on empty non-base types in `__init__`. Instead, either 1) use a type annotation in the class body, or 2) wrap the type in `torch.jit.Attribute`.
  warnings.warn(
/trinity/home/skatz/miniconda3/envs/env_chemspace_slurm_v2/lib/python3.11/site-packages/torch/jit/_check.py:177: UserWarning: The TorchScript type system doesn't support instance-level annotations on empty non-base types in `__init__`. Instead, either 1) use a type annotation in the class body, or 2) wrap the type in `torch.jit.Attribute`.
  warnings.warn(
/trinity/home/skatz/miniconda3/envs/env_chemspace_slurm_v2/lib/python3.11/site-packages/torch/jit/_check.py:177: UserWarning: The TorchScript type system doesn't support instance-level annotations on empty non-base types in `__init__`. Instead, either 1) use a type annotation in the class body, or 2) wrap the type in `torch.jit.Attribute`.
  warnings.warn(
/trinity/home/skatz/miniconda3/envs/env_chemspace_slurm_v2/lib/python3.11/site-packages/torch/jit/_check.py:177: UserWarning: The TorchScript type system doesn't support instance-level annotations on empty non-base types in `__init__`. Instead, either 1) use a type annotation in the class body, or 2) wrap the type in `torch.jit.Attribute`.
  warnings.warn(
/trinity/home/skatz/miniconda3/envs/env_chemspace_slurm_v2/lib/python3.11/site-packages/torch/jit/_check.py:177: UserWarning: The TorchScript type system doesn't support instance-level annotations on empty non-base types in `__init__`. Instead, either 1) use a type annotation in the class body, or 2) wrap the type in `torch.jit.Attribute`.
  warnings.warn(
/trinity/home/skatz/miniconda3/envs/env_chemspace_slurm_v2/lib/python3.11/site-packages/torch/jit/_check.py:177: UserWarning: The TorchScript type system doesn't support instance-level annotations on empty non-base types in `__init__`. Instead, either 1) use a type annotation in the class body, or 2) wrap the type in `torch.jit.Attribute`.
  warnings.warn(
/trinity/home/skatz/miniconda3/envs/env_chemspace_slurm_v2/lib/python3.11/site-packages/torch/jit/_check.py:177: UserWarning: The TorchScript type system doesn't support instance-level annotations on empty non-base types in `__init__`. Instead, either 1) use a type annotation in the class body, or 2) wrap the type in `torch.jit.Attribute`.
  warnings.warn(
/trinity/home/skatz/miniconda3/envs/env_chemspace_slurm_v2/lib/python3.11/site-packages/torch/jit/_check.py:177: UserWarning: The TorchScript type system doesn't support instance-level annotations on empty non-base types in `__init__`. Instead, either 1) use a type annotation in the class body, or 2) wrap the type in `torch.jit.Attribute`.
  warnings.warn(
/trinity/home/skatz/miniconda3/envs/env_chemspace_slurm_v2/lib/python3.11/site-packages/torch/jit/_check.py:177: UserWarning: The TorchScript type system doesn't support instance-level annotations on empty non-base types in `__init__`. Instead, either 1) use a type annotation in the class body, or 2) wrap the type in `torch.jit.Attribute`.
  warnings.warn(
/trinity/home/skatz/miniconda3/envs/env_chemspace_slurm_v2/lib/python3.11/site-packages/torch/jit/_check.py:177: UserWarning: The TorchScript type system doesn't support instance-level annotations on empty non-base types in `__init__`. Instead, either 1) use a type annotation in the class body, or 2) wrap the type in `torch.jit.Attribute`.
  warnings.warn(
/trinity/home/skatz/miniconda3/envs/env_chemspace_slurm_v2/lib/python3.11/site-packages/torch/jit/_check.py:177: UserWarning: The TorchScript type system doesn't support instance-level annotations on empty non-base types in `__init__`. Instead, either 1) use a type annotation in the class body, or 2) wrap the type in `torch.jit.Attribute`.
  warnings.warn(
/trinity/home/skatz/miniconda3/envs/env_chemspace_slurm_v2/lib/python3.11/site-packages/torch/jit/_check.py:177: UserWarning: The TorchScript type system doesn't support instance-level annotations on empty non-base types in `__init__`. Instead, either 1) use a type annotation in the class body, or 2) wrap the type in `torch.jit.Attribute`.
  warnings.warn(
/trinity/home/skatz/miniconda3/envs/env_chemspace_slurm_v2/lib/python3.11/site-packages/torch/jit/_check.py:177: UserWarning: The TorchScript type system doesn't support instance-level annotations on empty non-base types in `__init__`. Instead, either 1) use a type annotation in the class body, or 2) wrap the type in `torch.jit.Attribute`.
  warnings.warn(
/trinity/home/skatz/miniconda3/envs/env_chemspace_slurm_v2/lib/python3.11/site-packages/torch/jit/_check.py:177: UserWarning: The TorchScript type system doesn't support instance-level annotations on empty non-base types in `__init__`. Instead, either 1) use a type annotation in the class body, or 2) wrap the type in `torch.jit.Attribute`.
  warnings.warn(
/trinity/home/skatz/miniconda3/envs/env_chemspace_slurm_v2/lib/python3.11/site-packages/torch/jit/_check.py:177: UserWarning: The TorchScript type system doesn't support instance-level annotations on empty non-base types in `__init__`. Instead, either 1) use a type annotation in the class body, or 2) wrap the type in `torch.jit.Attribute`.
  warnings.warn(
/trinity/home/skatz/miniconda3/envs/env_chemspace_slurm_v2/lib/python3.11/site-packages/torch/jit/_check.py:177: UserWarning: The TorchScript type system doesn't support instance-level annotations on empty non-base types in `__init__`. Instead, either 1) use a type annotation in the class body, or 2) wrap the type in `torch.jit.Attribute`.
  warnings.warn(
/trinity/home/skatz/miniconda3/envs/env_chemspace_slurm_v2/lib/python3.11/site-packages/torch/jit/_check.py:177: UserWarning: The TorchScript type system doesn't support instance-level annotations on empty non-base types in `__init__`. Instead, either 1) use a type annotation in the class body, or 2) wrap the type in `torch.jit.Attribute`.
  warnings.warn(
/trinity/home/skatz/miniconda3/envs/env_chemspace_slurm_v2/lib/python3.11/site-packages/torch/jit/_check.py:177: UserWarning: The TorchScript type system doesn't support instance-level annotations on empty non-base types in `__init__`. Instead, either 1) use a type annotation in the class body, or 2) wrap the type in `torch.jit.Attribute`.
  warnings.warn(
/trinity/home/skatz/miniconda3/envs/env_chemspace_slurm_v2/lib/python3.11/site-packages/torch/jit/_check.py:177: UserWarning: The TorchScript type system doesn't support instance-level annotations on empty non-base types in `__init__`. Instead, either 1) use a type annotation in the class body, or 2) wrap the type in `torch.jit.Attribute`.
  warnings.warn(
/trinity/home/skatz/miniconda3/envs/env_chemspace_slurm_v2/lib/python3.11/site-packages/torch/jit/_check.py:177: UserWarning: The TorchScript type system doesn't support instance-level annotations on empty non-base types in `__init__`. Instead, either 1) use a type annotation in the class body, or 2) wrap the type in `torch.jit.Attribute`.
  warnings.warn(
0it [00:00, ?it/s]