  0%|          | 0/34 [00:00<?, ?it/s][12:08:19] DEPRECATION WARNING: please use MorganGenerator
[12:08:19] DEPRECATION WARNING: please use MorganGenerator
[12:08:19] DEPRECATION WARNING: please use MorganGenerator
[12:08:19] DEPRECATION WARNING: please use MorganGenerator
[12:08:19] DEPRECATION WARNING: please use MorganGenerator
[12:08:19] DEPRECATION WARNING: please use MorganGenerator
[12:08:19] DEPRECATION WARNING: please use MorganGenerator
[12:08:19] DEPRECATION WARNING: please use MorganGenerator
[12:08:19] DEPRECATION WARNING: please use MorganGenerator
[12:08:19] DEPRECATION WARNING: please use MorganGenerator
[12:08:19] DEPRECATION WARNING: please use MorganGenerator
[12:08:19] DEPRECATION WARNING: please use MorganGenerator
[12:08:19] DEPRECATION WARNING: please use MorganGenerator
[12:08:19] DEPRECATION WARNING: please use MorganGenerator
[12:08:19] DEPRECATION WARNING: please use MorganGenerator
 15%|█▍        | 5/34 [00:00<00:00, 48.28it/s][12:08:19] DEPRECATION WARNING: please use MorganGenerator
[12:08:19] DEPRECATION WARNING: please use MorganGenerator
[12:08:19] DEPRECATION WARNING: please use MorganGenerator
[12:08:19] DEPRECATION WARNING: please use MorganGenerator
[12:08:19] DEPRECATION WARNING: please use MorganGenerator
[12:08:19] DEPRECATION WARNING: please use MorganGenerator
[12:08:19] DEPRECATION WARNING: please use MorganGenerator
[12:08:19] DEPRECATION WARNING: please use MorganGenerator
[12:08:19] DEPRECATION WARNING: please use MorganGenerator
[12:08:19] DEPRECATION WARNING: please use MorganGenerator
[12:08:19] DEPRECATION WARNING: please use MorganGenerator
[12:08:19] DEPRECATION WARNING: please use MorganGenerator
[12:08:19] DEPRECATION WARNING: please use MorganGenerator
[12:08:19] DEPRECATION WARNING: please use MorganGenerator
[12:08:19] DEPRECATION WARNING: please use MorganGenerator
[12:08:19] DEPRECATION WARNING: please use MorganGenerator
[12:08:19] DEPRECATION WARNING: please use MorganGenerator
[12:08:19] DEPRECATION WARNING: please use MorganGenerator
[12:08:19] DEPRECATION WARNING: please use MorganGenerator
[12:08:19] DEPRECATION WARNING: please use MorganGenerator
[12:08:19] DEPRECATION WARNING: please use MorganGenerator
[12:08:19] DEPRECATION WARNING: please use MorganGenerator
[12:08:19] DEPRECATION WARNING: please use MorganGenerator
[12:08:19] DEPRECATION WARNING: please use MorganGenerator
[12:08:19] DEPRECATION WARNING: please use MorganGenerator
[12:08:19] DEPRECATION WARNING: please use MorganGenerator
[12:08:19] DEPRECATION WARNING: please use MorganGenerator
 41%|████      | 14/34 [00:00<00:00, 70.99it/s][12:08:19] DEPRECATION WARNING: please use MorganGenerator
[12:08:19] DEPRECATION WARNING: please use MorganGenerator
[12:08:19] DEPRECATION WARNING: please use MorganGenerator
[12:08:19] DEPRECATION WARNING: please use MorganGenerator
[12:08:19] DEPRECATION WARNING: please use MorganGenerator
[12:08:19] DEPRECATION WARNING: please use MorganGenerator
[12:08:19] DEPRECATION WARNING: please use MorganGenerator
[12:08:19] DEPRECATION WARNING: please use MorganGenerator
[12:08:19] DEPRECATION WARNING: please use MorganGenerator
[12:08:19] DEPRECATION WARNING: please use MorganGenerator
[12:08:19] DEPRECATION WARNING: please use MorganGenerator
[12:08:19] DEPRECATION WARNING: please use MorganGenerator
[12:08:19] DEPRECATION WARNING: please use MorganGenerator
[12:08:19] DEPRECATION WARNING: please use MorganGenerator
[12:08:19] DEPRECATION WARNING: please use MorganGenerator
[12:08:19] DEPRECATION WARNING: please use MorganGenerator
[12:08:19] DEPRECATION WARNING: please use MorganGenerator
[12:08:19] DEPRECATION WARNING: please use MorganGenerator
[12:08:19] DEPRECATION WARNING: please use MorganGenerator
[12:08:19] DEPRECATION WARNING: please use MorganGenerator
[12:08:19] DEPRECATION WARNING: please use MorganGenerator
[12:08:19] DEPRECATION WARNING: please use MorganGenerator
[12:08:19] DEPRECATION WARNING: please use MorganGenerator
[12:08:19] DEPRECATION WARNING: please use MorganGenerator
[12:08:19] DEPRECATION WARNING: please use MorganGenerator
[12:08:19] DEPRECATION WARNING: please use MorganGenerator
[12:08:19] DEPRECATION WARNING: please use MorganGenerator
 68%|██████▊   | 23/34 [00:00<00:00, 74.94it/s][12:08:19] DEPRECATION WARNING: please use MorganGenerator
[12:08:19] DEPRECATION WARNING: please use MorganGenerator
[12:08:19] DEPRECATION WARNING: please use MorganGenerator
[12:08:19] DEPRECATION WARNING: please use MorganGenerator
[12:08:19] DEPRECATION WARNING: please use MorganGenerator
[12:08:19] DEPRECATION WARNING: please use MorganGenerator
[12:08:19] DEPRECATION WARNING: please use MorganGenerator
[12:08:19] DEPRECATION WARNING: please use MorganGenerator
[12:08:19] DEPRECATION WARNING: please use MorganGenerator
[12:08:19] DEPRECATION WARNING: please use MorganGenerator
[12:08:19] DEPRECATION WARNING: please use MorganGenerator
[12:08:19] DEPRECATION WARNING: please use MorganGenerator
[12:08:19] DEPRECATION WARNING: please use MorganGenerator
[12:08:19] DEPRECATION WARNING: please use MorganGenerator
[12:08:19] DEPRECATION WARNING: please use MorganGenerator
[12:08:19] DEPRECATION WARNING: please use MorganGenerator
[12:08:19] DEPRECATION WARNING: please use MorganGenerator
[12:08:19] DEPRECATION WARNING: please use MorganGenerator
[12:08:19] DEPRECATION WARNING: please use MorganGenerator
[12:08:19] DEPRECATION WARNING: please use MorganGenerator
[12:08:19] DEPRECATION WARNING: please use MorganGenerator
[12:08:19] DEPRECATION WARNING: please use MorganGenerator
[12:08:19] DEPRECATION WARNING: please use MorganGenerator
[12:08:19] DEPRECATION WARNING: please use MorganGenerator
 91%|█████████ | 31/34 [00:00<00:00, 75.66it/s][12:08:19] DEPRECATION WARNING: please use MorganGenerator
[12:08:19] DEPRECATION WARNING: please use MorganGenerator
[12:08:19] DEPRECATION WARNING: please use MorganGenerator
[12:08:19] DEPRECATION WARNING: please use MorganGenerator
[12:08:19] DEPRECATION WARNING: please use MorganGenerator
[12:08:19] DEPRECATION WARNING: please use MorganGenerator
[12:08:19] DEPRECATION WARNING: please use MorganGenerator
[12:08:19] DEPRECATION WARNING: please use MorganGenerator
[12:08:19] DEPRECATION WARNING: please use MorganGenerator
100%|██████████| 34/34 [00:00<00:00, 72.76it/s]
/trinity/home/skatz/miniconda3/envs/env_chemspace_slurm_v2/lib/python3.11/site-packages/sklearn/base.py:376: InconsistentVersionWarning: Trying to unpickle estimator StandardScaler from version 1.2.2 when using version 1.4.2. This might lead to breaking code or invalid results. Use at your own risk. For more info please refer to:
https://scikit-learn.org/stable/model_persistence.html#security-maintainability-limitations
  warnings.warn(
/trinity/home/skatz/miniconda3/envs/env_chemspace_slurm_v2/lib/python3.11/site-packages/sklearn/base.py:376: InconsistentVersionWarning: Trying to unpickle estimator PCA from version 1.2.2 when using version 1.4.2. This might lead to breaking code or invalid results. Use at your own risk. For more info please refer to:
https://scikit-learn.org/stable/model_persistence.html#security-maintainability-limitations
  warnings.warn(
