--2024-07-11 11:42:33--  https://files.rcsb.org/download/6O56.pdb
Resolving files.rcsb.org (files.rcsb.org)... 128.6.159.245
Connecting to files.rcsb.org (files.rcsb.org)|128.6.159.245|:443... connected.
HTTP request sent, awaiting response... 200 OK
Length: unspecified [application/octet-stream]
Saving to: ‘../results/fullIter_3/4_Scoring/binding_targets/6O56.pdb’

     0K .......... .......... .......... .......... ..........  267K
    50K .......... .......... .......... .......... ..........  531K
   100K .......... .......... .......... .......... .......... 82.3M
   150K .......... .......... .......... .......... ..........  536K
   200K .......... .......... .....                             164M=0.4s

2024-07-11 11:42:34 (599 KB/s) - ‘../results/fullIter_3/4_Scoring/binding_targets/6O56.pdb’ saved [230445]

  % Total    % Received % Xferd  Average Speed   Time    Time     Time  Current
                                 Dload  Upload   Total   Spent    Left  Speed
  0     0    0     0    0     0      0      0 --:--:-- --:--:-- --:--:--     0100 85.3M  100 85.3M    0     0   113M      0 --:--:-- --:--:-- --:--:--  113M
  % Total    % Received % Xferd  Average Speed   Time    Time     Time  Current
                                 Dload  Upload   Total   Spent    Left  Speed
  0     0    0     0    0     0      0      0 --:--:-- --:--:-- --:--:--     0  0     0    0     0    0     0      0      0 --:--:-- --:--:-- --:--:--     0100 4589k  100 4589k    0     0  20.5M      0 --:--:-- --:--:-- --:--:-- 20.4M
  % Total    % Received % Xferd  Average Speed   Time    Time     Time  Current
                                 Dload  Upload   Total   Spent    Left  Speed
  0     0    0     0    0     0      0      0 --:--:-- --:--:-- --:--:--     0100  1357  100  1357    0     0   5228      0 --:--:-- --:--:-- --:--:--  5239
  % Total    % Received % Xferd  Average Speed   Time    Time     Time  Current
                                 Dload  Upload   Total   Spent    Left  Speed
  0     0    0     0    0     0      0      0 --:--:-- --:--:-- --:--:--     0100 24.9M  100 24.9M    0     0  70.2M      0 --:--:-- --:--:-- --:--:-- 70.3M
  % Total    % Received % Xferd  Average Speed   Time    Time     Time  Current
                                 Dload  Upload   Total   Spent    Left  Speed
  0     0    0     0    0     0      0      0 --:--:-- --:--:-- --:--:--     0100  208k  100  208k    0     0  1010k      0 --:--:-- --:--:-- --:--:-- 1010k
