python: can't open file '/trinity/home/skatz/PROJECTS/ChemSpaceAL-slurm/scripts/01_initaliseConfig.py': [Errno 2] No such file or directory
  % Total    % Received % Xferd  Average Speed   Time    Time     Time  Current
                                 Dload  Upload   Total   Spent    Left  Speed
  0     0    0     0    0     0      0      0 --:--:-- --:--:-- --:--:--     0 38 85.3M   38 32.4M    0     0  80.9M      0  0:00:01 --:--:--  0:00:01 80.8M100 85.3M  100 85.3M    0     0   118M      0 --:--:-- --:--:-- --:--:--  118M
  % Total    % Received % Xferd  Average Speed   Time    Time     Time  Current
                                 Dload  Upload   Total   Spent    Left  Speed
  0     0    0     0    0     0      0      0 --:--:-- --:--:-- --:--:--     0100 4589k  100 4589k    0     0  22.3M      0 --:--:-- --:--:-- --:--:-- 22.4M
  % Total    % Received % Xferd  Average Speed   Time    Time     Time  Current
                                 Dload  Upload   Total   Spent    Left  Speed
  0     0    0     0    0     0      0      0 --:--:-- --:--:-- --:--:--     0100  1357  100  1357    0     0   7051      0 --:--:-- --:--:-- --:--:--  7067
  % Total    % Received % Xferd  Average Speed   Time    Time     Time  Current
                                 Dload  Upload   Total   Spent    Left  Speed
  0     0    0     0    0     0      0      0 --:--:-- --:--:-- --:--:--     0  0 24.9M    0   698    0     0   3677      0  1:58:26 --:--:--  1:58:26  3673100 24.9M  100 24.9M    0     0  69.9M      0 --:--:-- --:--:-- --:--:-- 69.8M
  % Total    % Received % Xferd  Average Speed   Time    Time     Time  Current
                                 Dload  Upload   Total   Spent    Left  Speed
  0     0    0     0    0     0      0      0 --:--:-- --:--:-- --:--:--     0100  208k  100  208k    0     0  1047k      0 --:--:-- --:--:-- --:--:-- 1051k
Traceback (most recent call last):
  File "/trinity/home/skatz/PROJECTS/ChemSpaceAL-slurm/scripts/20_generateSmiles.py", line 12, in <module>
    config = initConfig(config_path)
             ^^^^^^^^^^^^^^^^^^^^^^^
  File "/trinity/home/skatz/PROJECTS/ChemSpaceAL-slurm/scripts/customFunc.py", line 14, in initConfig
    with open(configPath, "r") as f:
         ^^^^^^^^^^^^^^^^^^^^^
FileNotFoundError: [Errno 2] No such file or directory: '/trinity/home/skatz/PROJECTS/ChemSpaceAL-slurm/results/fullIter/config.json'
Traceback (most recent call last):
  File "/trinity/home/skatz/PROJECTS/ChemSpaceAL-slurm/scripts/30_sampling.py", line 14, in <module>
    config = initConfig(config_path)
             ^^^^^^^^^^^^^^^^^^^^^^^
  File "/trinity/home/skatz/PROJECTS/ChemSpaceAL-slurm/scripts/customFunc.py", line 14, in initConfig
    with open(configPath, "r") as f:
         ^^^^^^^^^^^^^^^^^^^^^
FileNotFoundError: [Errno 2] No such file or directory: '/trinity/home/skatz/PROJECTS/ChemSpaceAL-slurm/results/fullIter/config.json'
